\BOOKMARK [0][-]{Doc-Start}{\376\377\000H\000A\000L\000A\000M\000A\000N\000\040\000S\000A\000M\000P\000U\000L}{}% 1
\BOOKMARK [0][-]{section*.1}{\376\377\000A\000B\000S\000T\000R\000A\000K}{}% 2
\BOOKMARK [0][-]{section*.2}{\376\377\000A\000B\000S\000T\000R\000A\000C\000T}{}% 3
\BOOKMARK [0][-]{section*.2}{\376\377\000S\000U\000R\000A\000T\000\040\000P\000E\000R\000N\000Y\000A\000T\000A\000A\000N}{}% 4
\BOOKMARK [0][-]{table.caption.3}{\376\377\000L\000E\000M\000B\000A\000R\000\040\000P\000E\000R\000S\000E\000T\000U\000J\000U\000A\000N}{}% 5
\BOOKMARK [0][-]{table.caption.3}{\376\377\000H\000A\000L\000A\000M\000A\000N\000\040\000P\000E\000N\000G\000E\000S\000A\000H\000A\000N}{}% 6
\BOOKMARK [0][-]{section*.5}{\376\377\000H\000A\000L\000A\000M\000A\000N\000\040\000P\000E\000R\000S\000E\000M\000B\000A\000H\000A\000N}{}% 7
\BOOKMARK [0][-]{section*.6}{\376\377\000K\000A\000T\000A\000\040\000P\000E\000N\000G\000A\000N\000T\000A\000R}{}% 8
\BOOKMARK [0][-]{section*.7}{\376\377\000D\000A\000F\000T\000A\000R\000\040\000I\000S\000I}{}% 9
\BOOKMARK [0][-]{section*.8}{\376\377\000D\000A\000F\000T\000A\000R\000\040\000S\000I\000N\000G\000K\000A\000T\000A\000N}{}% 10
\BOOKMARK [0][-]{section*.10}{\376\377\000D\000A\000F\000T\000A\000R\000\040\000G\000A\000M\000B\000A\000R}{}% 11
\BOOKMARK [0][-]{section*.11}{\376\377\000D\000A\000F\000T\000A\000R\000\040\000T\000A\000B\000E\000L}{}% 12
\BOOKMARK [0][-]{chapter.1}{\376\377\000P\000E\000N\000D\000A\000H\000U\000L\000U\000A\000N}{}% 13
\BOOKMARK [1][-]{section.1.1}{\376\377\000L\000a\000t\000a\000r\000\040\000B\000e\000l\000a\000k\000a\000n\000g\000\040\000M\000a\000s\000a\000l\000a\000h}{chapter.1}% 14
\BOOKMARK [1][-]{section.1.2}{\376\377\000I\000d\000e\000n\000t\000i\000f\000i\000k\000a\000s\000i\000\040\000M\000a\000s\000a\000l\000a\000h}{chapter.1}% 15
\BOOKMARK [1][-]{section.1.3}{\376\377\000B\000a\000t\000a\000s\000a\000n\000\040\000M\000a\000s\000a\000l\000a\000h}{chapter.1}% 16
\BOOKMARK [1][-]{section.1.4}{\376\377\000R\000u\000m\000u\000s\000a\000n\000\040\000M\000a\000s\000a\000l\000a\000h}{chapter.1}% 17
\BOOKMARK [1][-]{section.1.5}{\376\377\000T\000u\000j\000u\000a\000n}{chapter.1}% 18
\BOOKMARK [1][-]{section.1.6}{\376\377\000M\000a\000n\000f\000a\000a\000t}{chapter.1}% 19
\BOOKMARK [1][-]{section.1.7}{\376\377\000K\000e\000a\000s\000l\000i\000a\000n\000\040\000G\000a\000g\000a\000s\000a\000n}{chapter.1}% 20
\BOOKMARK [0][-]{chapter.2}{\376\377\000P\000E\000N\000D\000E\000K\000A\000T\000A\000N\000\040\000P\000E\000M\000E\000C\000A\000H\000A\000N\000\040\000M\000A\000S\000A\000L\000A\000H}{}% 21
\BOOKMARK [1][-]{section.2.1}{\376\377\000R\000o\000w\000\040\000C\000r\000o\000p}{chapter.2}% 22
\BOOKMARK [1][-]{section.2.2}{\376\377\000A\000r\000t\000i\000f\000i\000c\000i\000a\000l\000\040\000I\000n\000t\000e\000l\000l\000i\000g\000e\000n\000c\000e\000/\000A\000I}{chapter.2}% 23
\BOOKMARK [2][-]{subsection.2.2.1}{\376\377\000L\000a\000p\000i\000s\000a\000n\000\040\000D\000a\000t\000a}{section.2.2}% 24
\BOOKMARK [2][-]{subsection.2.2.2}{\376\377\000K\000e\000r\000a\000n\000g\000k\000a\000\040\000k\000e\000r\000j\000a\000\040\000M\000a\000c\000h\000i\000n\000e\000\040\000L\000e\000a\000r\000n\000i\000n\000g\000/\000M\000L\000\040\000d\000a\000n\000\040\000l\000a\000p\000i\000s\000a\000n\000\040\000a\000l\000g\000o\000r\000i\000t\000m\000a}{section.2.2}% 25
\BOOKMARK [2][-]{subsection.2.2.3}{\376\377\000L\000a\000p\000i\000s\000a\000n\000\040\000M\000o\000d\000e\000l}{section.2.2}% 26
\BOOKMARK [2][-]{subsection.2.2.4}{\376\377\000L\000a\000p\000i\000s\000a\000n\000\040\000A\000p\000l\000i\000k\000a\000s\000i}{section.2.2}% 27
\BOOKMARK [1][-]{section.2.3}{\376\377\000M\000a\000c\000h\000i\000n\000e\000\040\000L\000e\000a\000r\000n\000i\000n\000g}{chapter.2}% 28
\BOOKMARK [2][-]{subsection.2.3.1}{\376\377\000S\000u\000p\000e\000r\000v\000i\000s\000e\000d\000\040\000m\000a\000c\000h\000i\000n\000e\000\040\000l\000e\000a\000r\000n\000i\000n\000g}{section.2.3}% 29
\BOOKMARK [2][-]{subsection.2.3.2}{\376\377\000U\000n\000s\000u\000p\000e\000r\000v\000i\000s\000e\000d\000\040\000m\000a\000c\000h\000i\000n\000e\000\040\000l\000e\000a\000r\000n\000i\000n\000g}{section.2.3}% 30
\BOOKMARK [2][-]{subsection.2.3.3}{\376\377\000S\000e\000m\000i\000-\000s\000u\000p\000e\000r\000v\000i\000s\000e\000d\000\040\000l\000e\000a\000r\000n\000i\000n\000g}{section.2.3}% 31
\BOOKMARK [2][-]{subsection.2.3.4}{\376\377\000R\000e\000i\000n\000f\000o\000r\000c\000e\000m\000e\000n\000t\000\040\000l\000e\000a\000r\000n\000i\000n\000g}{section.2.3}% 32
\BOOKMARK [1][-]{section.2.4}{\376\377\000D\000e\000e\000p\000\040\000L\000e\000a\000r\000n\000i\000n\000g}{chapter.2}% 33
\BOOKMARK [1][-]{section.2.5}{\376\377\000C\000o\000m\000p\000u\000t\000e\000r\000\040\000V\000i\000s\000i\000o\000n}{chapter.2}% 34
\BOOKMARK [1][-]{section.2.6}{\376\377\000Y\000O\000L\000O\000v\0008}{chapter.2}% 35
\BOOKMARK [1][-]{section.2.7}{\376\377\000F\000u\000z\000z\000y\000\040\000L\000o\000g\000i\000c}{chapter.2}% 36
\BOOKMARK [1][-]{section.2.8}{\376\377\000N\000V\000I\000D\000I\000A\000\040\000J\000e\000t\000s\000o\000n\000\040\000N\000a\000n\000o}{chapter.2}% 37
\BOOKMARK [1][-]{section.2.9}{\376\377\000E\000S\000P\0003\0002\000\040\000D\000e\000v\000K\000i\000t\000\040\000V\0001}{chapter.2}% 38
\BOOKMARK [1][-]{section.2.10}{\376\377\000K\000a\000m\000e\000r\000a}{chapter.2}% 39
\BOOKMARK [1][-]{section.2.11}{\376\377\000D\000r\000i\000v\000e\000r\000\040\000M\000o\000t\000o\000r\000\040\000I\000B\000T\000-\0002\000\040\000B\000T\000S\0007\0009\0006\0000}{chapter.2}% 40
\BOOKMARK [1][-]{section.2.12}{\376\377\000M\000o\000t\000o\000r\000\040\000D\000C\000\040\000M\000Y\0001\0000\0001\0006\000Z\000-\0002\0005\0000\000W\000\040\0002\0004\000V}{chapter.2}% 41
\BOOKMARK [0][-]{chapter.3}{\376\377\000K\000O\000N\000S\000E\000P\000\040\000R\000A\000N\000C\000A\000N\000G\000A\000N\000\040\000/\000\040\000P\000R\000O\000D\000U\000K\000\040\000/\000\040\000J\000A\000S\000A\000\040\000/\000\040\000E\000V\000A\000L\000U\000A\000S\000I\000\040\000/\000\040\000P\000E\000N\000G\000U\000J\000I\000A\000N}{}% 42
\BOOKMARK [1][-]{section.3.1}{\376\377\000W\000a\000k\000t\000u\000\040\000d\000a\000n\000\040\000T\000e\000m\000p\000a\000t\000\040\000P\000e\000n\000e\000l\000i\000t\000i\000a\000n}{chapter.3}% 43
\BOOKMARK [1][-]{section.3.2}{\376\377\000T\000a\000h\000a\000p\000a\000n\000\040\000P\000e\000n\000e\000l\000i\000t\000i\000a\000n}{chapter.3}% 44
\BOOKMARK [1][-]{section.3.3}{\376\377\000I\000d\000e\000n\000t\000i\000f\000i\000k\000a\000s\000i\000\040\000K\000e\000b\000u\000t\000u\000h\000a\000n}{chapter.3}% 45
\BOOKMARK [2][-]{subsection.3.3.1}{\376\377\000K\000e\000b\000u\000t\000u\000h\000a\000n\000\040\000H\000a\000r\000d\000w\000a\000r\000e}{section.3.3}% 46
\BOOKMARK [2][-]{subsection.3.3.2}{\376\377\000K\000e\000b\000u\000t\000u\000h\000a\000n\000\040\000S\000o\000f\000t\000w\000a\000r\000e}{section.3.3}% 47
\BOOKMARK [2][-]{subsection.3.3.3}{\376\377\000K\000e\000b\000u\000t\000u\000h\000a\000n\000\040\000A\000l\000a\000t}{section.3.3}% 48
\BOOKMARK [1][-]{section.3.4}{\376\377\000R\000a\000n\000c\000a\000n\000g\000a\000n\000\040\000H\000a\000r\000d\000w\000a\000r\000e}{chapter.3}% 49
\BOOKMARK [2][-]{subsection.3.4.1}{\376\377\000R\000a\000n\000c\000a\000n\000g\000a\000n\000\040\000M\000e\000k\000a\000n\000i\000k}{section.3.4}% 50
\BOOKMARK [2][-]{subsection.3.4.2}{\376\377\000R\000a\000n\000c\000a\000n\000g\000a\000n\000\040\000E\000l\000e\000k\000t\000r\000o\000n\000i\000k}{section.3.4}% 51
\BOOKMARK [1][-]{section.3.5}{\376\377\000R\000a\000n\000c\000a\000n\000g\000a\000n\000\040\000S\000o\000f\000t\000w\000a\000r\000e}{chapter.3}% 52
\BOOKMARK [1][-]{section.3.6}{\376\377\000R\000a\000n\000c\000a\000n\000g\000a\000n\000\040\000S\000i\000s\000t\000e\000m}{chapter.3}% 53
\BOOKMARK [2][-]{subsection.3.6.1}{\376\377\000P\000e\000r\000s\000i\000a\000p\000a\000n\000\040\000d\000a\000n\000\040\000P\000e\000m\000b\000u\000a\000t\000a\000n\000\040\000D\000a\000t\000a\000s\000e\000t}{section.3.6}% 54
\BOOKMARK [2][-]{subsection.3.6.2}{\376\377\000T\000r\000a\000i\000n\000i\000n\000g\000\040\000D\000a\000t\000a\000s\000e\000t}{section.3.6}% 55
\BOOKMARK [2][-]{subsection.3.6.3}{\376\377\000D\000e\000p\000l\000o\000y\000\040\000T\000r\000a\000i\000n\000e\000d\000\040\000M\000o\000d\000e\000l}{section.3.6}% 56
\BOOKMARK [2][-]{subsection.3.6.4}{\376\377\000P\000e\000n\000g\000i\000r\000i\000m\000a\000n\000\040\000D\000a\000t\000a\000\040\000d\000a\000n\000\040\000H\000a\000s\000i\000l\000\040\000P\000e\000r\000h\000i\000t\000u\000n\000g\000a\000n}{section.3.6}% 57
\BOOKMARK [1][-]{section.3.7}{\376\377\000R\000a\000n\000c\000a\000n\000g\000a\000n\000\040\000P\000e\000n\000g\000u\000j\000i\000a\000n}{chapter.3}% 58
\BOOKMARK [2][-]{subsection.3.7.1}{\376\377\000p\000e\000n\000g\000u\000j\000i\000a\000n\000\040\000A\000l\000g\000o\000r\000i\000t\000m\000a\000\040\000M\000a\000s\000k\000\040\000R\000-\000C\000N\000N\000\040\000p\000a\000d\000a\000\040\000G\000a\000m\000b\000a\000r}{section.3.7}% 59
\BOOKMARK [2][-]{subsection.3.7.2}{\376\377\000P\000e\000n\000g\000u\000j\000i\000a\000n\000\040\000A\000l\000g\000o\000r\000i\000t\000m\000a\000\040\000M\000a\000s\000k\000\040\000R\000-\000C\000N\000N\000\040\000d\000i\000\040\000L\000a\000p\000a\000n\000g\000a\000n}{section.3.7}% 60
\BOOKMARK [0][-]{chapter.4}{\376\377\000P\000R\000O\000S\000E\000S\000,\000\040\000H\000A\000S\000I\000L\000,\000\040\000P\000E\000M\000B\000A\000H\000A\000S\000A\000N}{}% 61
\BOOKMARK [1][-]{section.4.1}{\376\377\000S\000e\000c\000t\000i\000o\000n\000\040\0004\000.\0001}{chapter.4}% 62
\BOOKMARK [2][-]{subsection.4.1.1}{\376\377\000S\000u\000b\000s\000e\000c\000t\000i\000o\000n\000\040\0004\000.\0001\000.\0001}{section.4.1}% 63
\BOOKMARK [2][-]{subsection.4.1.2}{\376\377\000S\000u\000b\000s\000e\000c\000t\000i\000o\000n\000\040\0004\000.\0001\000.\0002}{section.4.1}% 64
\BOOKMARK [2][-]{subsection.4.1.3}{\376\377\000S\000u\000b\000s\000e\000c\000t\000i\000o\000n\000\040\0004\000.\0001\000.\0003}{section.4.1}% 65
\BOOKMARK [1][-]{section.4.2}{\376\377\000S\000e\000c\000t\000i\000o\000n\000\040\0004\000.\0002}{chapter.4}% 66
\BOOKMARK [2][-]{subsection.4.2.1}{\376\377\000S\000u\000b\000s\000e\000c\000t\000i\000o\000n\000\040\0004\000.\0002\000.\0001}{section.4.2}% 67
\BOOKMARK [2][-]{subsection.4.2.2}{\376\377\000S\000u\000b\000s\000e\000c\000t\000i\000o\000n\000\040\0004\000.\0002\000.\0002}{section.4.2}% 68
\BOOKMARK [2][-]{subsection.4.2.3}{\376\377\000S\000u\000b\000s\000e\000c\000t\000i\000o\000n\000\040\0004\000.\0002\000.\0003}{section.4.2}% 69
\BOOKMARK [1][-]{section.4.3}{\376\377\000S\000e\000c\000t\000i\000o\000n\000\040\0004\000.\0003}{chapter.4}% 70
\BOOKMARK [2][-]{subsection.4.3.1}{\376\377\000S\000u\000b\000s\000e\000c\000t\000i\000o\000n\000\040\0004\000.\0004\000.\0001}{section.4.3}% 71
\BOOKMARK [2][-]{subsection.4.3.2}{\376\377\000S\000u\000b\000s\000e\000c\000t\000i\000o\000n\000\040\0004\000.\0004\000.\0002}{section.4.3}% 72
\BOOKMARK [2][-]{subsection.4.3.3}{\376\377\000S\000u\000b\000s\000e\000c\000t\000i\000o\000n\000\040\0004\000.\0003\000.\0003}{section.4.3}% 73
\BOOKMARK [1][-]{section.4.4}{\376\377\000S\000e\000c\000t\000i\000o\000n\000\040\0004\000.\0004}{chapter.4}% 74
\BOOKMARK [2][-]{subsection.4.4.1}{\376\377\000S\000u\000b\000s\000e\000c\000t\000i\000o\000n\000\040\0004\000.\0004\000.\0001}{section.4.4}% 75
\BOOKMARK [2][-]{subsection.4.4.2}{\376\377\000S\000u\000b\000s\000e\000c\000t\000i\000o\000n\000\040\0004\000.\0004\000.\0002}{section.4.4}% 76
\BOOKMARK [2][-]{subsection.4.4.3}{\376\377\000S\000u\000b\000s\000e\000c\000t\000i\000o\000n\000\040\0004\000.\0004\000.\0003}{section.4.4}% 77
\BOOKMARK [1][-]{section.4.5}{\376\377\000S\000e\000c\000t\000i\000o\000n\000\040\0004\000.\0005}{chapter.4}% 78
\BOOKMARK [2][-]{subsection.4.5.1}{\376\377\000S\000u\000b\000s\000e\000c\000t\000i\000o\000n\000\040\0004\000.\0005\000.\0001}{section.4.5}% 79
\BOOKMARK [2][-]{subsection.4.5.2}{\376\377\000S\000u\000b\000s\000e\000c\000t\000i\000o\000n\000\040\0004\000.\0005\000.\0002}{section.4.5}% 80
\BOOKMARK [2][-]{subsection.4.5.3}{\376\377\000S\000u\000b\000s\000e\000c\000t\000i\000o\000n\000\040\0004\000.\0005\000.\0003}{section.4.5}% 81
\BOOKMARK [0][-]{chapter.5}{\376\377\000S\000I\000M\000P\000U\000L\000A\000N\000\040\000D\000A\000N\000\040\000S\000A\000R\000A\000N}{}% 82
\BOOKMARK [1][-]{section.5.1}{\376\377\000S\000i\000m\000p\000u\000l\000a\000n}{chapter.5}% 83
\BOOKMARK [1][-]{section.5.2}{\376\377\000S\000a\000r\000a\000n}{chapter.5}% 84
\BOOKMARK [0][-]{section*.32}{\376\377\000D\000A\000F\000T\000A\000R\000\040\000P\000U\000S\000T\000A\000K\000A}{}% 85
\BOOKMARK [0][-]{appendix*.34}{\376\377\000L\000A\000M\000P\000I\000R\000A\000N\000\040\000A\000\040\000K\000O\000D\000E\000\040\000P\000R\000O\000G\000R\000A\000M}{}% 86
\BOOKMARK [1][-]{section*.35}{\376\377\000L\000a\000m\000p\000i\000r\000a\000n\000\040\000A\000.\0001\000.\000\040\000P\000r\000o\000g\000r\000a\000m\000\040\000P\000e\000m\000b\000a\000c\000a\000a\000n\000\040\000S\000e\000n\000s\000o\000r\000\040\000U\000l\000t\000r\000a\000s\000o\000n\000i\000c}{appendix*.34}% 87
\BOOKMARK [1][-]{lstnumber.-1.15}{\376\377\000L\000a\000m\000p\000i\000r\000a\000n\000\040\000A\000.\0002\000.\000\040\000P\000r\000o\000g\000r\000a\000m\000\040\000K\000e\000s\000e\000l\000u\000r\000u\000h\000a\000n\000\040\000P\000r\000o\000y\000e\000k\000\040\000A\000k\000h\000i\000r}{appendix*.34}% 88
\BOOKMARK [0][-]{appendix*.36}{\376\377\000L\000A\000M\000P\000I\000R\000A\000N\000\040\000B\000\040\000G\000A\000M\000B\000A\000R\000-\000G\000A\000M\000B\000A\000R}{}% 89
\BOOKMARK [1][-]{section*.37}{\376\377\000L\000a\000m\000p\000i\000r\000a\000n\000\040\000B\000.\0001\000.\000\040\000F\000o\000t\000o\000\040\000A\000k\000t\000i\000v\000i\000t\000a\000s\000\040\000K\000e\000g\000i\000a\000t\000a\000n\000\040\000P\000r\000o\000y\000e\000k\000\040\000A\000k\000h\000i\000r}{appendix*.36}% 90
\BOOKMARK [1][-]{figure.caption.38}{\376\377\000L\000a\000m\000p\000i\000r\000a\000n\000\040\000B\000.\0002\000.\000\040\000F\000o\000t\000o\000\040\000P\000r\000o\000d\000u\000k\000\040\000P\000r\000o\000y\000e\000k\000\040\000A\000k\000h\000i\000r}{appendix*.36}% 91
