This is pdfTeX, Version 3.141592653-2.6-1.40.25 (MiKTeX 24.1) (preloaded format=pdflatex 2024.7.9)  10 JUL 2024 00:36
entering extended mode
 restricted \write18 enabled.
 %&-line parsing enabled.
**./laporan.tex
(laporan.tex
LaTeX2e <2023-11-01> patch level 1
L3 programming layer <2024-01-04>
(C:\Users\MikTex\tex/latex/base\report.cls
Document Class: report 2023/05/17 v1.4n Standard LaTeX document class
(C:\Users\MikTex\tex/latex/base\size12.clo
File: size12.clo 2023/05/17 v1.4n Standard LaTeX file (size option)
)
\c@part=\count187
\c@chapter=\count188
\c@section=\count189
\c@subsection=\count190
\c@subsubsection=\count191
\c@paragraph=\count192
\c@subparagraph=\count193
\c@figure=\count194
\c@table=\count195
\abovecaptionskip=\skip48
\belowcaptionskip=\skip49
\bibindent=\dimen140
) (a0-identitas.tex)
(untouch/xx-preambles.tex (C:\Users\MikTex\tex/generic/babel\babel.sty
Package: babel 2024/01/07 v24.1 The Babel package
\babel@savecnt=\count196
\U@D=\dimen141
\l@unhyphenated=\language79

(C:\Users\MikTex\tex/generic/babel\txtbabel.def)
\bbl@readstream=\read2
\bbl@dirlevel=\count197

*************************************
* Local config file bblopts.cfg used
*
(C:\Users\MikTex\tex/latex/arabi\bblopts.cfg
File: bblopts.cfg 2005/09/08 v0.1 add Arabic and Farsi to "declared" options of
 babel
)
(C:\Users\PAMBUDI\AppData\Roaming\MiKTeX\tex/latex/babel-indonesian\indonesian.
ldf
Language: indonesian 2017/02/15 v1.0m Bahasa Indonesia support from the babel s
ystem
)) (C:\Users\MikTex\tex/generic/babel/locale/id\babel-indonesian.tex
Package babel Info: Importing font and identification data for indonesian
(babel)             from babel-id.ini. Reported on input line 11.
)
(C:\Users\MikTex\tex/latex/base\inputenc.sty
Package: inputenc 2021/02/14 v1.3d Input encoding file
\inpenc@prehook=\toks17
\inpenc@posthook=\toks18
)
(C:\Users\PAMBUDI\AppData\Roaming\MiKTeX\tex/latex/setspace\setspace.sty
Package: setspace 2022/12/04 v6.7b set line spacing
)
(C:\Users\MikTex\tex/latex/ragged2e\ragged2e.sty
Package: ragged2e 2023/06/22 v3.6 ragged2e Package
\CenteringLeftskip=\skip50
\RaggedLeftLeftskip=\skip51
\RaggedRightLeftskip=\skip52
\CenteringRightskip=\skip53
\RaggedLeftRightskip=\skip54
\RaggedRightRightskip=\skip55
\CenteringParfillskip=\skip56
\RaggedLeftParfillskip=\skip57
\RaggedRightParfillskip=\skip58
\JustifyingParfillskip=\skip59
\CenteringParindent=\skip60
\RaggedLeftParindent=\skip61
\RaggedRightParindent=\skip62
\JustifyingParindent=\skip63
)
(C:\Users\MikTex\tex/latex/graphics\graphicx.sty
Package: graphicx 2021/09/16 v1.2d Enhanced LaTeX Graphics (DPC,SPQR)

(C:\Users\MikTex\tex/latex/graphics\keyval.sty
Package: keyval 2022/05/29 v1.15 key=value parser (DPC)
\KV@toks@=\toks19
)
(C:\Users\MikTex\tex/latex/graphics\graphics.sty
Package: graphics 2022/03/10 v1.4e Standard LaTeX Graphics (DPC,SPQR)

(C:\Users\MikTex\tex/latex/graphics\trig.sty
Package: trig 2021/08/11 v1.11 sin cos tan (DPC)
)
(C:\Users\MikTex\tex/latex/graphics-cfg\graphics.cfg
File: graphics.cfg 2016/06/04 v1.11 sample graphics configuration
)
Package graphics Info: Driver file: pdftex.def on input line 107.

(C:\Users\MikTex\tex/latex/graphics-def\pdftex.def
File: pdftex.def 2022/09/22 v1.2b Graphics/color driver for pdftex
))
\Gin@req@height=\dimen142
\Gin@req@width=\dimen143
)
(C:\Users\PAMBUDI\AppData\Roaming\MiKTeX\tex/latex/float\float.sty
Package: float 2001/11/08 v1.3d Float enhancements (AL)
\c@float@type=\count198
\float@exts=\toks20
\float@box=\box51
\@float@everytoks=\toks21
\@floatcapt=\box52
)
(C:\Users\MikTex\tex/latex/tools\indentfirst.sty
Package: indentfirst 2023/07/02 v1.03 Indent first paragraph (DPC)
)
(C:\Users\PAMBUDI\AppData\Roaming\MiKTeX\tex/latex/pslatex\pslatex.sty
Package: pslatex 2021/01/13 v1.3 pslatex emulation (DPC)
LaTeX Font Info:    Redeclaring symbol font `operators' on input line 66.
LaTeX Font Info:    Overwriting symbol font `operators' in version `normal'
(Font)                  OT1/cmr/m/n --> OT1/ptmcm/m/n on input line 66.
LaTeX Font Info:    Overwriting symbol font `operators' in version `bold'
(Font)                  OT1/cmr/bx/n --> OT1/ptmcm/m/n on input line 66.
LaTeX Font Info:    Redeclaring symbol font `letters' on input line 67.
LaTeX Font Info:    Overwriting symbol font `letters' in version `normal'
(Font)                  OML/cmm/m/it --> OML/ptmcm/m/it on input line 67.
LaTeX Font Info:    Overwriting symbol font `letters' in version `bold'
(Font)                  OML/cmm/b/it --> OML/ptmcm/m/it on input line 67.
LaTeX Font Info:    Redeclaring symbol font `symbols' on input line 68.
LaTeX Font Info:    Overwriting symbol font `symbols' in version `normal'
(Font)                  OMS/cmsy/m/n --> OMS/pzccm/m/n on input line 68.
LaTeX Font Info:    Overwriting symbol font `symbols' in version `bold'
(Font)                  OMS/cmsy/b/n --> OMS/pzccm/m/n on input line 68.
LaTeX Font Info:    Redeclaring symbol font `largesymbols' on input line 69.
LaTeX Font Info:    Overwriting symbol font `largesymbols' in version `normal'
(Font)                  OMX/cmex/m/n --> OMX/psycm/m/n on input line 69.
LaTeX Font Info:    Overwriting symbol font `largesymbols' in version `bold'
(Font)                  OMX/cmex/m/n --> OMX/psycm/m/n on input line 69.
\symbold=\mathgroup4
\symitalic=\mathgroup5
LaTeX Font Info:    Redeclaring math alphabet \mathbf on input line 75.
LaTeX Font Info:    Overwriting math alphabet `\mathbf' in version `normal'
(Font)                  OT1/cmr/bx/n --> OT1/ptm/bx/n on input line 75.
LaTeX Font Info:    Overwriting math alphabet `\mathbf' in version `bold'
(Font)                  OT1/cmr/bx/n --> OT1/ptm/bx/n on input line 75.
LaTeX Font Info:    Redeclaring math alphabet \mathit on input line 76.
LaTeX Font Info:    Overwriting math alphabet `\mathit' in version `normal'
(Font)                  OT1/cmr/m/it --> OT1/ptm/m/it on input line 76.
LaTeX Font Info:    Overwriting math alphabet `\mathit' in version `bold'
(Font)                  OT1/cmr/bx/it --> OT1/ptm/m/it on input line 76.
)
(C:\Users\PAMBUDI\AppData\Roaming\MiKTeX\tex/latex/tocloft\tocloft.sty
Package: tocloft 2017/08/31 v2.3i parameterised ToC, etc., typesetting
Package tocloft Info: The document has chapter divisions on input line 51.
\cftparskip=\skip64
\cftbeforetoctitleskip=\skip65
\cftaftertoctitleskip=\skip66
\cftbeforepartskip=\skip67
\cftpartnumwidth=\skip68
\cftpartindent=\skip69
\cftbeforechapskip=\skip70
\cftchapindent=\skip71
\cftchapnumwidth=\skip72
\cftbeforesecskip=\skip73
\cftsecindent=\skip74
\cftsecnumwidth=\skip75
\cftbeforesubsecskip=\skip76
\cftsubsecindent=\skip77
\cftsubsecnumwidth=\skip78
\cftbeforesubsubsecskip=\skip79
\cftsubsubsecindent=\skip80
\cftsubsubsecnumwidth=\skip81
\cftbeforeparaskip=\skip82
\cftparaindent=\skip83
\cftparanumwidth=\skip84
\cftbeforesubparaskip=\skip85
\cftsubparaindent=\skip86
\cftsubparanumwidth=\skip87
\cftbeforeloftitleskip=\skip88
\cftafterloftitleskip=\skip89
\cftbeforefigskip=\skip90
\cftfigindent=\skip91
\cftfignumwidth=\skip92
\c@lofdepth=\count199
\c@lotdepth=\count266
\cftbeforelottitleskip=\skip93
\cftafterlottitleskip=\skip94
\cftbeforetabskip=\skip95
\cfttabindent=\skip96
\cfttabnumwidth=\skip97
)
\mylen=\skip98
LaTeX Font Info:    Font shape `OT1/ptm/bx/n' in size <12> not available
(Font)              Font shape `OT1/ptm/b/n' tried instead on input line 43.

(C:\Users\PAMBUDI\AppData\Roaming\MiKTeX\tex/latex/sectsty\sectsty.sty
Package: sectsty 2002/02/25 v2.0.2 Commands to change all sectional heading sty
les


LaTeX Warning: Command \underbar  has changed.
               Check if current package is valid.


LaTeX Warning: Command \underline  has changed.
               Check if current package is valid.

) (C:\Users\PAMBUDI\AppData\Roaming\MiKTeX\tex/latex/titlesec\titlesec.sty
Package: titlesec 2023/10/27 v2.16 Sectioning titles
\ttl@box=\box53
\beforetitleunit=\skip99
\aftertitleunit=\skip100
\ttl@plus=\dimen144
\ttl@minus=\dimen145
\ttl@toksa=\toks22
\titlewidth=\dimen146
\titlewidthlast=\dimen147
\titlewidthfirst=\dimen148
)
(C:\Users\PAMBUDI\AppData\Roaming\MiKTeX\tex/latex/caption\caption.sty
Package: caption 2023/08/05 v3.6o Customizing captions (AR)

(C:\Users\PAMBUDI\AppData\Roaming\MiKTeX\tex/latex/caption\caption3.sty
Package: caption3 2023/07/31 v2.4d caption3 kernel (AR)
\caption@tempdima=\dimen149
\captionmargin=\dimen150
\caption@leftmargin=\dimen151
\caption@rightmargin=\dimen152
\caption@width=\dimen153
\caption@indent=\dimen154
\caption@parindent=\dimen155
\caption@hangindent=\dimen156
Package caption Info: Standard document class detected.
)
\c@caption@flags=\count267
\c@continuedfloat=\count268
Package caption Info: float package is loaded.
)
(C:\Users\PAMBUDI\AppData\Roaming\MiKTeX\tex/latex/caption\subcaption.sty
Package: subcaption 2023/07/28 v1.6b Sub-captions (AR)
Package caption Info: New subtype `subfigure' on input line 238.
\c@subfigure=\count269
Package caption Info: New subtype `subtable' on input line 238.
\c@subtable=\count270
)
(C:\Users\MikTex\tex/latex/tools\tabularx.sty
Package: tabularx 2023/07/08 v2.11c `tabularx' package (DPC)

(C:\Users\MikTex\tex/latex/tools\array.sty
Package: array 2023/10/16 v2.5g Tabular extension package (FMi)
\col@sep=\dimen157
\ar@mcellbox=\box54
\extrarowheight=\dimen158
\NC@list=\toks23
\extratabsurround=\skip101
\backup@length=\skip102
\ar@cellbox=\box55
)
\TX@col@width=\dimen159
\TX@old@table=\dimen160
\TX@old@col=\dimen161
\TX@target=\dimen162
\TX@delta=\dimen163
\TX@cols=\count271
\TX@ftn=\toks24
)
(C:\Users\PAMBUDI\AppData\Roaming\MiKTeX\tex/latex/multirow\multirow.sty
Package: multirow 2021/03/15 v2.8 Span multiple rows of a table
\multirow@colwidth=\skip103
\multirow@cntb=\count272
\multirow@dima=\skip104
\bigstrutjot=\dimen164
)
(C:\Users\PAMBUDI\AppData\Roaming\MiKTeX\tex/latex/geometry\geometry.sty
Package: geometry 2020/01/02 v5.9 Page Geometry

(C:\Users\MikTex\tex/generic/iftex\ifvtex.sty
Package: ifvtex 2019/10/25 v1.7 ifvtex legacy package. Use iftex instead.

(C:\Users\MikTex\tex/generic/iftex\iftex.sty
Package: iftex 2022/02/03 v1.0f TeX engine tests
))
\Gm@cnth=\count273
\Gm@cntv=\count274
\c@Gm@tempcnt=\count275
\Gm@bindingoffset=\dimen165
\Gm@wd@mp=\dimen166
\Gm@odd@mp=\dimen167
\Gm@even@mp=\dimen168
\Gm@layoutwidth=\dimen169
\Gm@layoutheight=\dimen170
\Gm@layouthoffset=\dimen171
\Gm@layoutvoffset=\dimen172
\Gm@dimlist=\toks25

(C:\Users\PAMBUDI\AppData\Roaming\MiKTeX\tex/latex/geometry\geometry.cfg))
(C:\Users\MikTex\tex/latex/amsmath\amsmath.sty
Package: amsmath 2023/05/13 v2.17o AMS math features
\@mathmargin=\skip105

For additional information on amsmath, use the `?' option.
(C:\Users\MikTex\tex/latex/amsmath\amstext.sty
Package: amstext 2021/08/26 v2.01 AMS text

(C:\Users\MikTex\tex/latex/amsmath\amsgen.sty
File: amsgen.sty 1999/11/30 v2.0 generic functions
\@emptytoks=\toks26
\ex@=\dimen173
))
(C:\Users\MikTex\tex/latex/amsmath\amsbsy.sty
Package: amsbsy 1999/11/29 v1.2d Bold Symbols
\pmbraise@=\dimen174
)
(C:\Users\MikTex\tex/latex/amsmath\amsopn.sty
Package: amsopn 2022/04/08 v2.04 operator names
)
\inf@bad=\count276
LaTeX Info: Redefining \frac on input line 234.
\uproot@=\count277
\leftroot@=\count278
LaTeX Info: Redefining \overline on input line 399.
LaTeX Info: Redefining \colon on input line 410.
\classnum@=\count279
\DOTSCASE@=\count280
LaTeX Info: Redefining \ldots on input line 496.
LaTeX Info: Redefining \dots on input line 499.
LaTeX Info: Redefining \cdots on input line 620.
\Mathstrutbox@=\box56
\strutbox@=\box57
LaTeX Info: Redefining \big on input line 722.
LaTeX Info: Redefining \Big on input line 723.
LaTeX Info: Redefining \bigg on input line 724.
LaTeX Info: Redefining \Bigg on input line 725.
\big@size=\dimen175
LaTeX Font Info:    Redeclaring font encoding OML on input line 743.
LaTeX Font Info:    Redeclaring font encoding OMS on input line 744.
\macc@depth=\count281
LaTeX Info: Redefining \bmod on input line 905.
LaTeX Info: Redefining \pmod on input line 910.
LaTeX Info: Redefining \smash on input line 940.
LaTeX Info: Redefining \relbar on input line 970.
LaTeX Info: Redefining \Relbar on input line 971.
\c@MaxMatrixCols=\count282
\dotsspace@=\muskip16
\c@parentequation=\count283
\dspbrk@lvl=\count284
\tag@help=\toks27
\row@=\count285
\column@=\count286
\maxfields@=\count287
\andhelp@=\toks28
\eqnshift@=\dimen176
\alignsep@=\dimen177
\tagshift@=\dimen178
\tagwidth@=\dimen179
\totwidth@=\dimen180
\lineht@=\dimen181
\@envbody=\toks29
\multlinegap=\skip106
\multlinetaggap=\skip107
\mathdisplay@stack=\toks30
LaTeX Info: Redefining \[ on input line 2953.
LaTeX Info: Redefining \] on input line 2954.
)
(C:\Users\MikTex\tex/latex/graphics\rotating.sty
Package: rotating 2016/08/11 v2.16d rotated objects in LaTeX

(C:\Users\MikTex\tex/latex/base\ifthen.sty
Package: ifthen 2022/04/13 v1.1d Standard LaTeX ifthen package (DPC)
)
\c@r@tfl@t=\count288
\rotFPtop=\skip108
\rotFPbot=\skip109
\rot@float@box=\box58
\rot@mess@toks=\toks31
)
(C:\Users\PAMBUDI\AppData\Roaming\MiKTeX\tex/latex/enumitem\enumitem.sty
Package: enumitem 2019/06/20 v3.9 Customized lists
\labelindent=\skip110
\enit@outerparindent=\dimen182
\enit@toks=\toks32
\enit@inbox=\box59
\enit@count@id=\count289
\enitdp@description=\count290
)
(C:\Users\PAMBUDI\AppData\Roaming\MiKTeX\tex/latex/cite\cite.sty
LaTeX Info: Redefining \cite on input line 302.
LaTeX Info: Redefining \nocite on input line 332.
Package: cite 2015/02/27  v 5.5
)
(C:\Users\PAMBUDI\AppData\Roaming\MiKTeX\tex/latex/natbib\natbib.sty
Package: natbib 2010/09/13 8.31b (PWD, AO)


Package natbib Warning: The `cite' package should not be used
(natbib)                with natbib. Use option `sort' instead.

\bibhang=\skip111
\bibsep=\skip112
LaTeX Info: Redefining \cite on input line 694.
LaTeX Info: Redefining \citenum on input line 708.
\c@NAT@ctr=\count291
) (C:\Users\MikTex\tex/latex/listings\listings.sty
\lst@mode=\count292
\lst@gtempboxa=\box60
\lst@token=\toks33
\lst@length=\count293
\lst@currlwidth=\dimen183
\lst@column=\count294
\lst@pos=\count295
\lst@lostspace=\dimen184
\lst@width=\dimen185
\lst@newlines=\count296
\lst@lineno=\count297
\lst@maxwidth=\dimen186

(C:\Users\MikTex\tex/latex/listings\lstmisc.sty
File: lstmisc.sty 2023/02/27 1.9 (Carsten Heinz)
\c@lstnumber=\count298
\lst@skipnumbers=\count299
\lst@framebox=\box61
)
(C:\Users\MikTex\tex/latex/listings\listings.cfg
File: listings.cfg 2023/02/27 1.9 listings configuration
))
Package: listings 2023/02/27 1.9 (Carsten Heinz)

(C:\Users\MikTex\tex/latex/xcolor\xcolor.sty
Package: xcolor 2023/11/15 v3.01 LaTeX color extensions (UK)

(C:\Users\MikTex\tex/latex/graphics-cfg\color.cfg
File: color.cfg 2016/01/02 v1.6 sample color configuration
)
Package xcolor Info: Driver file: pdftex.def on input line 274.

(C:\Users\MikTex\tex/latex/graphics\mathcolor.ltx)
Package xcolor Info: Model `cmy' substituted by `cmy0' on input line 1350.
Package xcolor Info: Model `hsb' substituted by `rgb' on input line 1354.
Package xcolor Info: Model `RGB' extended on input line 1366.
Package xcolor Info: Model `HTML' substituted by `rgb' on input line 1368.
Package xcolor Info: Model `Hsb' substituted by `hsb' on input line 1369.
Package xcolor Info: Model `tHsb' substituted by `hsb' on input line 1370.
Package xcolor Info: Model `HSB' substituted by `hsb' on input line 1371.
Package xcolor Info: Model `Gray' substituted by `gray' on input line 1372.
Package xcolor Info: Model `wave' substituted by `hsb' on input line 1373.
)
(C:\Users\MikTex\tex/latex/tools\longtable.sty
Package: longtable 2023-11-01 v4.19 Multi-page Table package (DPC)
\LTleft=\skip113
\LTright=\skip114
\LTpre=\skip115
\LTpost=\skip116
\LTchunksize=\count300
\LTcapwidth=\dimen187
\LT@head=\box62
\LT@firsthead=\box63
\LT@foot=\box64
\LT@lastfoot=\box65
\LT@gbox=\box66
\LT@cols=\count301
\LT@rows=\count302
\c@LT@tables=\count303
\c@LT@chunks=\count304
\LT@p@ftn=\toks34
)
(C:\Users\MikTex\tex/latex/hyperref\hyperref.sty
Package: hyperref 2023-11-26 v7.01g Hypertext links for LaTeX

(C:\Users\PAMBUDI\AppData\Roaming\MiKTeX\tex/generic/infwarerr\infwarerr.sty
Package: infwarerr 2019/12/03 v1.5 Providing info/warning/error messages (HO)
)
(C:\Users\PAMBUDI\AppData\Roaming\MiKTeX\tex/latex/kvsetkeys\kvsetkeys.sty
Package: kvsetkeys 2022-10-05 v1.19 Key value parser (HO)
)
(C:\Users\PAMBUDI\AppData\Roaming\MiKTeX\tex/generic/kvdefinekeys\kvdefinekeys.
sty
Package: kvdefinekeys 2019-12-19 v1.6 Define keys (HO)
)
(C:\Users\PAMBUDI\AppData\Roaming\MiKTeX\tex/generic/pdfescape\pdfescape.sty
Package: pdfescape 2019/12/09 v1.15 Implements pdfTeX's escape features (HO)

(C:\Users\PAMBUDI\AppData\Roaming\MiKTeX\tex/generic/ltxcmds\ltxcmds.sty
Package: ltxcmds 2023-12-04 v1.26 LaTeX kernel commands for general use (HO)
)
(C:\Users\MikTex\tex/generic/pdftexcmds\pdftexcmds.sty
Package: pdftexcmds 2020-06-27 v0.33 Utility functions of pdfTeX for LuaTeX (HO
)
Package pdftexcmds Info: \pdf@primitive is available.
Package pdftexcmds Info: \pdf@ifprimitive is available.
Package pdftexcmds Info: \pdfdraftmode found.
))
(C:\Users\PAMBUDI\AppData\Roaming\MiKTeX\tex/latex/hycolor\hycolor.sty
Package: hycolor 2020-01-27 v1.10 Color options for hyperref/bookmark (HO)
)
(C:\Users\PAMBUDI\AppData\Roaming\MiKTeX\tex/latex/letltxmacro\letltxmacro.sty
Package: letltxmacro 2019/12/03 v1.6 Let assignment for LaTeX macros (HO)
) (C:\Users\PAMBUDI\AppData\Roaming\MiKTeX\tex/latex/auxhook\auxhook.sty
Package: auxhook 2019-12-17 v1.6 Hooks for auxiliary files (HO)
)
(C:\Users\MikTex\tex/latex/hyperref\nameref.sty
Package: nameref 2023-11-26 v2.56 Cross-referencing by name of section

(C:\Users\PAMBUDI\AppData\Roaming\MiKTeX\tex/latex/refcount\refcount.sty
Package: refcount 2019/12/15 v3.6 Data extraction from label references (HO)
)
(C:\Users\PAMBUDI\AppData\Roaming\MiKTeX\tex/generic/gettitlestring\gettitlestr
ing.sty
Package: gettitlestring 2019/12/15 v1.6 Cleanup title references (HO)

(C:\Users\PAMBUDI\AppData\Roaming\MiKTeX\tex/latex/kvoptions\kvoptions.sty
Package: kvoptions 2022-06-15 v3.15 Key value format for package options (HO)
))
\c@section@level=\count305
)
(C:\Users\MikTex\tex/latex/etoolbox\etoolbox.sty
Package: etoolbox 2020/10/05 v2.5k e-TeX tools for LaTeX (JAW)
\etb@tempcnta=\count306
)
\@linkdim=\dimen188
\Hy@linkcounter=\count307
\Hy@pagecounter=\count308

(C:\Users\MikTex\tex/latex/hyperref\pd1enc.def
File: pd1enc.def 2023-11-26 v7.01g Hyperref: PDFDocEncoding definition (HO)
Now handling font encoding PD1 ...
... no UTF-8 mapping file for font encoding PD1
)
(C:\Users\PAMBUDI\AppData\Roaming\MiKTeX\tex/generic/intcalc\intcalc.sty
Package: intcalc 2019/12/15 v1.3 Expandable calculations with integers (HO)
)
\Hy@SavedSpaceFactor=\count309

(C:\Users\MikTex\tex/latex/hyperref\puenc.def
File: puenc.def 2023-11-26 v7.01g Hyperref: PDF Unicode definition (HO)
Now handling font encoding PU ...
... no UTF-8 mapping file for font encoding PU
)
Package hyperref Info: Option `final' set `true' on input line 4064.
Package hyperref Info: Hyper figures OFF on input line 4181.
Package hyperref Info: Link nesting OFF on input line 4186.
Package hyperref Info: Hyper index ON on input line 4189.
Package hyperref Info: Plain pages OFF on input line 4196.
Package hyperref Info: Backreferencing OFF on input line 4201.
Package hyperref Info: Implicit mode ON; LaTeX internals redefined.
Package hyperref Info: Bookmarks ON on input line 4448.
\c@Hy@tempcnt=\count310

(C:\Users\MikTex\tex/latex/url\url.sty
\Urlmuskip=\muskip17
Package: url 2013/09/16  ver 3.4  Verb mode for urls, etc.
)
LaTeX Info: Redefining \url on input line 4786.
\XeTeXLinkMargin=\dimen189

(C:\Users\PAMBUDI\AppData\Roaming\MiKTeX\tex/generic/bitset\bitset.sty
Package: bitset 2019/12/09 v1.3 Handle bit-vector datatype (HO)

(C:\Users\PAMBUDI\AppData\Roaming\MiKTeX\tex/generic/bigintcalc\bigintcalc.sty
Package: bigintcalc 2019/12/15 v1.5 Expandable calculations on big integers (HO
)
))
\Fld@menulength=\count311
\Field@Width=\dimen190
\Fld@charsize=\dimen191
Package hyperref Info: Hyper figures OFF on input line 6065.
Package hyperref Info: Link nesting OFF on input line 6070.
Package hyperref Info: Hyper index ON on input line 6073.
Package hyperref Info: backreferencing OFF on input line 6080.
Package hyperref Info: Link coloring OFF on input line 6085.
Package hyperref Info: Link coloring with OCG OFF on input line 6090.
Package hyperref Info: PDF/A mode OFF on input line 6095.
 (C:\Users\MikTex\tex/latex/base\atbegshi-ltx.sty
Package: atbegshi-ltx 2021/01/10 v1.0c Emulation of the original atbegshi
package with kernel methods
)
\Hy@abspage=\count312
\c@Item=\count313
\c@Hfootnote=\count314
)
Package hyperref Info: Driver (autodetected): hpdftex.

(C:\Users\MikTex\tex/latex/hyperref\hpdftex.def
File: hpdftex.def 2023-11-26 v7.01g Hyperref driver for pdfTeX

(C:\Users\MikTex\tex/latex/base\atveryend-ltx.sty
Package: atveryend-ltx 2020/08/19 v1.0a Emulation of the original atveryend pac
kage
with kernel methods
)
\Fld@listcount=\count315
\c@bookmark@seq@number=\count316

(C:\Users\PAMBUDI\AppData\Roaming\MiKTeX\tex/latex/rerunfilecheck\rerunfilechec
k.sty
Package: rerunfilecheck 2022-07-10 v1.10 Rerun checks for auxiliary files (HO)

(C:\Users\PAMBUDI\AppData\Roaming\MiKTeX\tex/generic/uniquecounter\uniquecounte
r.sty
Package: uniquecounter 2019/12/15 v1.4 Provide unlimited unique counter (HO)
)
Package uniquecounter Info: New unique counter `rerunfilecheck' on input line 2
85.
)
\Hy@SectionHShift=\skip117
)
(C:\Users\PAMBUDI\AppData\Roaming\MiKTeX\tex/latex/cleveref\cleveref.sty
Package: cleveref 2018/03/27 v0.21.4 Intelligent cross-referencing
Package cleveref Info: `hyperref' support loaded on input line 2370.
LaTeX Info: Redefining \cref on input line 2370.
LaTeX Info: Redefining \Cref on input line 2370.
LaTeX Info: Redefining \crefrange on input line 2370.
LaTeX Info: Redefining \Crefrange on input line 2370.
LaTeX Info: Redefining \cpageref on input line 2370.
LaTeX Info: Redefining \Cpageref on input line 2370.
LaTeX Info: Redefining \cpagerefrange on input line 2370.
LaTeX Info: Redefining \Cpagerefrange on input line 2370.
LaTeX Info: Redefining \labelcref on input line 2370.
LaTeX Info: Redefining \labelcpageref on input line 2370.
Package cleveref Info: `listings' support loaded on input line 3131.
))
(a1-database.hyphenate.tex)
(C:\Users\MikTex\tex/latex/l3backend\l3backend-pdftex.def
File: l3backend-pdftex.def 2024-01-04 L3 backend support: PDF output (pdfTeX)
\l__color_backend_stack_int=\count317
\l__pdf_internal_box=\box67
) (laporan.aux
(untouch/xx-sampul.aux) (untouch/xx-sampuldalam.aux) (a2-abstrak.aux)
(a3-abstract.aux) (untouch/xx-pernyataan.aux) (untouch/xx-persetujuan.aux)
(untouch/xx-pengesahan.aux) (a4-persembahan.aux) (a5-katapengantar.aux)
(untouch/xx-daftar.aux) (b1-bab1.aux) (b2-bab2.aux) (b3-bab3.aux) (b4-bab4.aux)
(b5-bab5.aux))
\openout1 = `laporan.aux'.

LaTeX Font Info:    Checking defaults for OML/cmm/m/it on input line 12.
LaTeX Font Info:    ... okay on input line 12.
LaTeX Font Info:    Checking defaults for OMS/pzccm/m/n on input line 12.
LaTeX Font Info:    Trying to load font information for OMS+pzccm on input line
 12.

(C:\Users\PAMBUDI\AppData\Roaming\MiKTeX\tex/latex/psnfss\omspzccm.fd
File: omspzccm.fd 2000/01/03 Fontinst v1.801 font definitions for OMS/pzccm.
)
LaTeX Font Info:    ... okay on input line 12.
LaTeX Font Info:    Checking defaults for OT1/cmr/m/n on input line 12.
LaTeX Font Info:    ... okay on input line 12.
LaTeX Font Info:    Checking defaults for T1/cmr/m/n on input line 12.
LaTeX Font Info:    ... okay on input line 12.
LaTeX Font Info:    Checking defaults for TS1/cmr/m/n on input line 12.
LaTeX Font Info:    ... okay on input line 12.
LaTeX Font Info:    Checking defaults for OMX/cmex/m/n on input line 12.
LaTeX Font Info:    ... okay on input line 12.
LaTeX Font Info:    Checking defaults for U/cmr/m/n on input line 12.
LaTeX Font Info:    ... okay on input line 12.
LaTeX Font Info:    Checking defaults for PD1/pdf/m/n on input line 12.
LaTeX Font Info:    ... okay on input line 12.
LaTeX Font Info:    Checking defaults for PU/pdf/m/n on input line 12.
LaTeX Font Info:    ... okay on input line 12.

(C:\Users\MikTex\tex/context/base/mkii\supp-pdf.mkii
[Loading MPS to PDF converter (version 2006.09.02).]
\scratchcounter=\count318
\scratchdimen=\dimen192
\scratchbox=\box68
\nofMPsegments=\count319
\nofMParguments=\count320
\everyMPshowfont=\toks35
\MPscratchCnt=\count321
\MPscratchDim=\dimen193
\MPnumerator=\count322
\makeMPintoPDFobject=\count323
\everyMPtoPDFconversion=\toks36
) (C:\Users\MikTex\tex/latex/epstopdf-pkg\epstopdf-base.sty
Package: epstopdf-base 2020-01-24 v2.11 Base part for package epstopdf
Package epstopdf-base Info: Redefining graphics rule for `.eps' on input line 4
85.

(C:\Users\MikTex\tex/latex/00miktex\epstopdf-sys.cfg
File: epstopdf-sys.cfg 2021/03/18 v2.0 Configuration of epstopdf for MiKTeX
))
Package caption Info: Begin \AtBeginDocument code.
Package caption Info: hyperref package is loaded.
Package caption Info: listings package is loaded.
Package caption Info: longtable package is loaded.

(C:\Users\PAMBUDI\AppData\Roaming\MiKTeX\tex/latex/caption\ltcaption.sty
Package: ltcaption 2021/01/08 v1.4c longtable captions (AR)
)
Package caption Info: rotating package is loaded.
Package caption Info: End \AtBeginDocument code.

*geometry* driver: auto-detecting
*geometry* detected driver: pdftex
*geometry* verbose mode - [ preamble ] result:
* driver: pdftex
* paper: a4paper
* layout: <same size as paper>
* layoutoffset:(h,v)=(0.0pt,0.0pt)
* modes: 
* h-part:(L,W,R)=(113.81102pt, 398.3386pt, 85.35826pt)
* v-part:(T,H,B)=(85.35826pt, 674.33032pt, 85.35826pt)
* \paperwidth=597.50787pt
* \paperheight=845.04684pt
* \textwidth=398.3386pt
* \textheight=674.33032pt
* \oddsidemargin=41.54103pt
* \evensidemargin=41.54103pt
* \topmargin=-23.91173pt
* \headheight=12.0pt
* \headsep=25.0pt
* \topskip=12.0pt
* \footskip=30.0pt
* \marginparwidth=35.0pt
* \marginparsep=10.0pt
* \columnsep=10.0pt
* \skip\footins=10.8pt plus 4.0pt minus 2.0pt
* \hoffset=0.0pt
* \voffset=0.0pt
* \mag=1000
* \@twocolumnfalse
* \@twosidefalse
* \@mparswitchfalse
* \@reversemarginfalse
* (1in=72.27pt=25.4mm, 1cm=28.453pt)

\c@lstlisting=\count324
Package hyperref Info: Link coloring OFF on input line 12.
(laporan.out) (laporan.out)
\@outlinefile=\write3
\openout3 = `laporan.out'.

\openout2 = `untouch/xx-sampul.aux'.

 (untouch/xx-sampul.tex
<gambar/logo-uny.png, id=365, 566.115pt x 576.65437pt>
File: gambar/logo-uny.png Graphic file (type png)
<use gambar/logo-uny.png>
Package pdftex.def Info: gambar/logo-uny.png  used on input line 17.
(pdftex.def)             Requested size: 119.50279pt x 121.72571pt.
 [1


{C:/Users/PAMBUDI/AppData/Local/MiKTeX/fonts/map/pdftex/pdftex.map}{C:/Users/Mi
kTex/fonts/enc/dvips/base/8r.enc} <./gambar/logo-uny.png>])
\openout2 = `untouch/xx-sampuldalam.aux'.

 (untouch/xx-sampuldalam.tex) [1



]
\openout2 = `a2-abstrak.aux'.


(a2-abstrak.tex) [2




]
\openout2 = `a3-abstract.aux'.

 (a3-abstract.tex) [3




]
\openout2 = `untouch/xx-pernyataan.aux'.

 (untouch/xx-pernyataan.tex
LaTeX Font Info:    Trying to load font information for OT1+ptmcm on input line
 18.

(C:\Users\PAMBUDI\AppData\Roaming\MiKTeX\tex/latex/psnfss\ot1ptmcm.fd
File: ot1ptmcm.fd 2000/01/03 Fontinst v1.801 font definitions for OT1/ptmcm.
)
LaTeX Font Info:    Trying to load font information for OML+ptmcm on input line
 18.

(C:\Users\PAMBUDI\AppData\Roaming\MiKTeX\tex/latex/psnfss\omlptmcm.fd
File: omlptmcm.fd 2000/01/03 Fontinst v1.801 font definitions for OML/ptmcm.
)
LaTeX Font Info:    Trying to load font information for OMX+psycm on input line
 18.

(C:\Users\PAMBUDI\AppData\Roaming\MiKTeX\tex/latex/psnfss\omxpsycm.fd
File: omxpsycm.fd 2000/01/03 Fontinst v1.801 font definitions for OMX/psycm.
)
LaTeX Font Info:    Font shape `OT1/ptm/bx/n' in size <9> not available
(Font)              Font shape `OT1/ptm/b/n' tried instead on input line 18.
LaTeX Font Info:    Font shape `OT1/ptm/bx/n' in size <7> not available
(Font)              Font shape `OT1/ptm/b/n' tried instead on input line 18.
)
[4



]
\openout2 = `untouch/xx-persetujuan.aux'.

 (untouch/xx-persetujuan.tex) [5



]
\openout2 = `untouch/xx-pengesahan.aux'.

 (untouch/xx-pengesahan.tex) [6



]
\openout2 = `a4-persembahan.aux'.


(a4-persembahan.tex) [7




]
\openout2 = `a5-katapengantar.aux'.

 (a5-katapengantar.tex) [8




]
\openout2 = `untouch/xx-daftar.aux'.

 (untouch/xx-daftar.tex
(laporan.toc [9




] [10])
\tf@toc=\write4
\openout4 = `laporan.toc'.

 (a6-daftarsingkatan.tex [11]) [12

] (laporan.lof)
\tf@lof=\write5
\openout5 = `laporan.lof'.


[13

] (laporan.lot)
\tf@lot=\write6
\openout6 = `laporan.lot'.

) [14

]
\openout2 = `b1-bab1.aux'.

 (b1-bab1.tex
Bab 1.
<gambar/lombok.jpeg, id=582, 692.5875pt x 370.38374pt>
File: gambar/lombok.jpeg Graphic file (type jpg)
<use gambar/lombok.jpeg>
Package pdftex.def Info: gambar/lombok.jpeg  used on input line 15.
(pdftex.def)             Requested size: 346.2929pt x 185.1914pt.

pdfTeX warning (ext4): destination with the same identifier (name{page.1}) has 
been already used, duplicate ignored
<to be read again> 
                   \relax 
l.19 
      [1




] [2 <./gambar/lombok.jpeg>] [3] [4]
LaTeX Font Info:    Trying to load font information for TS1+ptm on input line 7
2.

(C:\Users\PAMBUDI\AppData\Roaming\MiKTeX\tex/latex/psnfss\ts1ptm.fd
File: ts1ptm.fd 2001/06/04 font definitions for TS1/ptm.
) [5]
[6]) [7]
\openout2 = `b2-bab2.aux'.

 (b2-bab2.tex
Bab 2.
<gambar/row-crop.jpg, id=657, 1606.0pt x 903.375pt>
File: gambar/row-crop.jpg Graphic file (type jpg)
<use gambar/row-crop.jpg>
Package pdftex.def Info: gambar/row-crop.jpg  used on input line 14.
(pdftex.def)             Requested size: 321.19432pt x 180.6718pt.
[8




 <./gambar/row-crop.jpg>] [9] [10] [11] [12] [13] [14]

Package natbib Warning: Citation `anggraeni2004sistem' on page 15 undefined on 
input line 84.


Package natbib Warning: Citation `bai2023automated' on page 15 undefined on inp
ut line 87.

[15]
<gambar/yolov8-architecture.jpg, id=692, 736.25063pt x 770.88pt>
File: gambar/yolov8-architecture.jpg Graphic file (type jpg)
<use gambar/yolov8-architecture.jpg>
Package pdftex.def Info: gambar/yolov8-architecture.jpg  used on input line 93.

(pdftex.def)             Requested size: 294.49503pt x 308.34654pt.
 [16 <./gambar/yolov8-architecture.jpg>]
<gambar/Jetson.jpg, id=699, 903.375pt x 737.00343pt>
File: gambar/Jetson.jpg Graphic file (type jpg)
<use gambar/Jetson.jpg>
Package pdftex.def Info: gambar/Jetson.jpg  used on input line 106.
(pdftex.def)             Requested size: 180.6718pt x 147.39807pt.

Overfull \hbox (70.64435pt too wide) in paragraph at lines 117--133
 [][] 
 []

[17 <./gambar/Jetson.jpg>]
<gambar/esp32.jpg, id=706, 1004.75375pt x 1004.75375pt>
File: gambar/esp32.jpg Graphic file (type jpg)
<use gambar/esp32.jpg>
Package pdftex.def Info: gambar/esp32.jpg  used on input line 140.
(pdftex.def)             Requested size: 200.94719pt x 200.94719pt.
 [18] [19 <./gambar/esp32.jpg>] [20]
<gambar/webcam.jpg, id=721, 702.625pt x 702.625pt>
File: gambar/webcam.jpg Graphic file (type jpg)
<use gambar/webcam.jpg>
Package pdftex.def Info: gambar/webcam.jpg  used on input line 179.
(pdftex.def)             Requested size: 140.5225pt x 140.5225pt.
 [21 <./gambar/webcam.jpg>]
<gambar/driver-motor-IBT.jpg, id=728, 897.3525pt x 951.555pt>
File: gambar/driver-motor-IBT.jpg Graphic file (type jpg)
<use gambar/driver-motor-IBT.jpg>
Package pdftex.def Info: gambar/driver-motor-IBT.jpg  used on input line 211.
(pdftex.def)             Requested size: 179.46732pt x 190.30762pt.
 [22 <./gambar/driver-motor-IBT.jpg>]
<gambar/motor-dc.jpg, id=736, 1003.75pt x 763.85374pt>
File: gambar/motor-dc.jpg Graphic file (type jpg)
<use gambar/motor-dc.jpg>
Package pdftex.def Info: gambar/motor-dc.jpg  used on input line 223.
(pdftex.def)             Requested size: 200.74644pt x 152.76804pt.
) [23 <./gambar/motor-dc.jpg>]
\openout2 = `b3-bab3.aux'.


(b3-bab3.tex
Bab 3.
<gambar/tahap_penelitian.png, id=743, 558.085pt x 452.69125pt>
File: gambar/tahap_penelitian.png Graphic file (type png)
<use gambar/tahap_penelitian.png>
Package pdftex.def Info: gambar/tahap_penelitian.png  used on input line 17.
(pdftex.def)             Requested size: 334.85359pt x 271.61684pt.
[24




 <./gambar/tahap_penelitian.png>] [25]
Overfull \hbox (15.29309pt too wide) in alignment at lines 39--42
 [] [] [] 
 []

LaTeX Font Info:    Font shape `OMS/ptm/m/n' in size <12> not available
(Font)              Font shape `OMS/pzccm/m/n' tried instead on input line 62.

Overfull \hbox (15.29309pt too wide) in alignment at lines 42--96
 [] [] [] 
 []

[26] [27]
Overfull \hbox (3.17078pt too wide) in paragraph at lines 105--118
 [][] 
 []


Overfull \hbox (1.41826pt too wide) in paragraph at lines 126--150
 [][] 
 []

[28] [29]
<gambar/main_mekanik.jpg, id=780, 343.2825pt x 644.4075pt>
File: gambar/main_mekanik.jpg Graphic file (type jpg)
<use gambar/main_mekanik.jpg>
Package pdftex.def Info: gambar/main_mekanik.jpg  used on input line 160.
(pdftex.def)             Requested size: 137.31056pt x 257.75844pt.
 [30 <./gambar/main_mekanik.jpg>]
<gambar/arsitektur-diagram.png, id=786, 815.045pt x 588.1975pt>
File: gambar/arsitektur-diagram.png Graphic file (type png)
<use gambar/arsitektur-diagram.png>
Package pdftex.def Info: gambar/arsitektur-diagram.png  used on input line 172.

(pdftex.def)             Requested size: 326.01222pt x 235.27483pt.
 [31 <./gambar/arsitektur-diagram.png>] [32]
<gambar/diagram-sistem.png, id=799, 543.02875pt x 166.6225pt>
File: gambar/diagram-sistem.png Graphic file (type png)
<use gambar/diagram-sistem.png>
Package pdftex.def Info: gambar/diagram-sistem.png  used on input line 198.
(pdftex.def)             Requested size: 325.81975pt x 99.97426pt.
 [33]
<gambar/alur-dataset.png, id=810, 424.58624pt x 163.61125pt>
File: gambar/alur-dataset.png Graphic file (type png)
<use gambar/alur-dataset.png>
Package pdftex.def Info: gambar/alur-dataset.png  used on input line 211.
(pdftex.def)             Requested size: 254.75371pt x 98.1675pt.
 [34 <./gambar/diagram-sistem.png> <./gambar/alur-dataset.png>]
[35]
<gambar/ilustrasi-pengujian.png, id=823, 5203.44pt x 2601.72pt>
File: gambar/ilustrasi-pengujian.png Graphic file (type png)
<use gambar/ilustrasi-pengujian.png>
Package pdftex.def Info: gambar/ilustrasi-pengujian.png  used on input line 240
.
(pdftex.def)             Requested size: 520.3745pt x 260.18724pt.

Overfull \hbox (122.0359pt too wide) in paragraph at lines 240--241
 [][] 
 []

) [36] [37 <./gambar/ilustrasi-pengujian.png>]
\openout2 = `b4-bab4.aux'.

 (b4-bab4.tex
Bab 4.
[38




] [39] [40]) [41]
\openout2 = `b5-bab5.aux'.

 (b5-bab5.tex
Bab 5.
[42




] [43]) [44] (untouch/xx-daftarpustaka.tex (laporan.bbl)) (a8-lampiran.tex
[45




]

Package hyperref Warning: The anchor of a bookmark and its parent's must not
(hyperref)                be the same. Added a new anchor on input line 14.

(C:\Users\MikTex\tex/latex/listings\lstlang1.sty
File: lstlang1.sty 2023/02/27 1.9 listings language file
)
Package hyperref Info: bookmark level for unknown lstlisting defaults to 0 on i
nput line 15.
 (kode/code_sample.py)
(kode/code_sample.py) [46

]

Package hyperref Warning: The anchor of a bookmark and its parent's must not
(hyperref)                be the same. Added a new anchor on input line 33.

File: gambar/logo-uny.png Graphic file (type png)
<use gambar/logo-uny.png>
Package pdftex.def Info: gambar/logo-uny.png  used on input line 36.
(pdftex.def)             Requested size: 226.44199pt x 230.65765pt.
File: gambar/logo-uny.png Graphic file (type png)
<use gambar/logo-uny.png>
Package pdftex.def Info: gambar/logo-uny.png  used on input line 45.
(pdftex.def)             Requested size: 226.44199pt x 230.65765pt.
)

Package natbib Warning: There were undefined citations.

[47

] (laporan.aux (untouch/xx-sampul.aux) (untouch/xx-sampuldalam.aux)
(a2-abstrak.aux) (a3-abstract.aux) (untouch/xx-pernyataan.aux)
(untouch/xx-persetujuan.aux) (untouch/xx-pengesahan.aux) (a4-persembahan.aux)
(a5-katapengantar.aux) (untouch/xx-daftar.aux) (b1-bab1.aux) (b2-bab2.aux)
(b3-bab3.aux) (b4-bab4.aux) (b5-bab5.aux))
 ***********
LaTeX2e <2023-11-01> patch level 1
L3 programming layer <2024-01-04>
 ***********
Package rerunfilecheck Info: File `laporan.out' has not changed.
(rerunfilecheck)             Checksum: 06EBA2D875E774CE945257E5245FF6E3;14259.
 ) 
Here is how much of TeX's memory you used:
 19451 strings out of 474486
 332377 string characters out of 5757351
 2040542 words of memory out of 5000000
 41087 multiletter control sequences out of 15000+600000
 588036 words of font info for 87 fonts, out of 8000000 for 9000
 1143 hyphenation exceptions out of 8191
 80i,14n,82p,1365b,1431s stack positions out of 10000i,1000n,20000p,200000b,200000s
<C:/Users/MikTex/fonts/type1/public/amsfonts/cm/cmsy10.pfb><C:/Users/MikTex/f
onts/type1/urw/courier/ucrr8a.pfb><C:/Users/MikTex/fonts/type1/urw/times/utmb8a
.pfb><C:/Users/MikTex/fonts/type1/urw/times/utmr8a.pfb><C:/Users/MikTex/fonts/t
ype1/urw/times/utmri8a.pfb>
Output written on laporan.pdf (62 pages, 7399750 bytes).
PDF statistics:
 990 PDF objects out of 1000 (max. 8388607)
 257 named destinations out of 1000 (max. 500000)
 804 words of extra memory for PDF output out of 10000 (max. 10000000)

